c:\users\יעל גילעד\desktop\github\store\market\store\x64\debug\vc143.pdb
c:\users\יעל גילעד\desktop\github\store\market\store\x64\debug\vc143.idb
c:\users\יעל גילעד\desktop\github\store\market\store\x64\debug\test.obj
c:\users\יעל גילעד\desktop\github\store\market\store\x64\debug\main.obj
c:\users\יעל גילעד\desktop\github\store\market\store\x64\debug\product.obj
c:\users\יעל גילעד\desktop\github\store\market\store\x64\debug\date.obj
c:\users\יעל גילעד\desktop\github\store\market\store\x64\debug\store.ilk
c:\users\יעל גילעד\desktop\github\store\market\x64\debug\store.pdb
c:\users\יעל גילעד\desktop\github\store\market\store\x64\debug\store.tlog\cl.command.1.tlog
c:\users\יעל גילעד\desktop\github\store\market\store\x64\debug\store.tlog\cl.items.tlog
c:\users\יעל גילעד\desktop\github\store\market\store\x64\debug\store.tlog\cl.read.1.tlog
c:\users\יעל גילעד\desktop\github\store\market\store\x64\debug\store.tlog\cl.write.1.tlog
c:\users\יעל גילעד\desktop\github\store\market\store\x64\debug\store.tlog\link-cvtres.read.1.tlog
c:\users\יעל גילעד\desktop\github\store\market\store\x64\debug\store.tlog\link-cvtres.write.1.tlog
c:\users\יעל גילעד\desktop\github\store\market\store\x64\debug\store.tlog\link-rc.read.1.tlog
c:\users\יעל גילעד\desktop\github\store\market\store\x64\debug\store.tlog\link-rc.write.1.tlog
c:\users\יעל גילעד\desktop\github\store\market\store\x64\debug\store.tlog\link.9652-cvtres.read.1.tlog
c:\users\יעל גילעד\desktop\github\store\market\store\x64\debug\store.tlog\link.9652-cvtres.write.1.tlog
c:\users\יעל גילעד\desktop\github\store\market\store\x64\debug\store.tlog\link.9652-rc.read.1.tlog
c:\users\יעל גילעד\desktop\github\store\market\store\x64\debug\store.tlog\link.9652-rc.write.1.tlog
c:\users\יעל גילעד\desktop\github\store\market\store\x64\debug\store.tlog\link.9652.read.1.tlog
c:\users\יעל גילעד\desktop\github\store\market\store\x64\debug\store.tlog\link.9652.read.2.tlog
c:\users\יעל גילעד\desktop\github\store\market\store\x64\debug\store.tlog\link.9652.read.3.tlog
c:\users\יעל גילעד\desktop\github\store\market\store\x64\debug\store.tlog\link.9652.read.4.tlog
c:\users\יעל גילעד\desktop\github\store\market\store\x64\debug\store.tlog\link.9652.write.1.tlog
c:\users\יעל גילעד\desktop\github\store\market\store\x64\debug\store.tlog\link.command.1.tlog
c:\users\יעל גילעד\desktop\github\store\market\store\x64\debug\store.tlog\link.read.1.tlog
c:\users\יעל גילעד\desktop\github\store\market\store\x64\debug\store.tlog\link.read.2.tlog
c:\users\יעל גילעד\desktop\github\store\market\store\x64\debug\store.tlog\link.read.3.tlog
c:\users\יעל גילעד\desktop\github\store\market\store\x64\debug\store.tlog\link.read.4.tlog
c:\users\יעל גילעד\desktop\github\store\market\store\x64\debug\store.tlog\link.secondary.1.tlog
c:\users\יעל גילעד\desktop\github\store\market\store\x64\debug\store.tlog\link.write.1.tlog
